
> erp-taller-saas@0.1.3 build
> next build

   Ôû▓ Next.js 15.5.7
   - Environments: .env.local
   - Experiments (use with caution):
     Ô£ô forceSwcTransforms

   Creating an optimized production build ...
 Ô£ô (pwa) Compiling for server...
 Ô£ô (pwa) Compiling for server...
 Ô£ô (pwa) Compiling for client (static)...
 Ôùï (pwa) Service worker won't be automatically registered as per the config, please call the following code in componentDidMount or useEffect:
 Ôùï (pwa)   window.workbox.register()
 Ôùï (pwa) You may also want to add @ducanh2912/next-pwa/workbox to compilerOptions.types in your tsconfig.json/jsconfig.json.
 Ôùï (pwa) Service worker: C:\Users\exclu\erp-taller-saas\public\sw.js
 Ôùï (pwa)   URL: /sw.js
 Ôùï (pwa)   Scope: /
 Ô£ô (pwa) Found a custom worker implementation at C:\Users\exclu\erp-taller-saas\worker\index.ts.
 Ô£ô (pwa) Building the custom worker to C:\Users\exclu\erp-taller-saas\public\worker-908ec619abc15adf.js...
 Ô£ô Compiled successfully in 2.5min
   Skipping validation of types
   Skipping linting
   Collecting page data ...

ÔØî SUPABASE CONFIGURATION ERROR:
   Missing required environment variables:
   - NEXT_PUBLIC_SUPABASE_URL: ÔØî
   - NEXT_PUBLIC_SUPABASE_ANON_KEY: ÔØî
   
   Context: Runtime
   Please check your .env.local file and ensure these variables are set.
      
ÔÜá´©Å Returning safe recursive proxy for Supabase client during build phase.
[Stripe Server] STRIPE_SECRET_KEY no est├í configurada. Las funciones de billing no funcionar├ín.
[Stripe Server] STRIPE_SECRET_KEY no est├í configurada. Las funciones de billing no funcionar├ín.

ÔØî SUPABASE CONFIGURATION ERROR:
   Missing required environment variables:
   - NEXT_PUBLIC_SUPABASE_URL: ÔØî
   - NEXT_PUBLIC_SUPABASE_ANON_KEY: ÔØî
   
   Context: Runtime
   Please check your .env.local file and ensure these variables are set.
      
ÔÜá´©Å Returning safe recursive proxy for Supabase client during build phase.

ÔØî SUPABASE CONFIGURATION ERROR:
   Missing required environment variables:
   - NEXT_PUBLIC_SUPABASE_URL: ÔØî
   - NEXT_PUBLIC_SUPABASE_ANON_KEY: ÔØî
   
   Context: Runtime
   Please check your .env.local file and ensure these variables are set.
      

ÔØî SUPABASE CONFIGURATION ERROR:
   Missing required environment variables:
   - NEXT_PUBLIC_SUPABASE_URL: ÔØî
   - NEXT_PUBLIC_SUPABASE_ANON_KEY: ÔØî
   
   Context: Runtime
   Please check your .env.local file and ensure these variables are set.
      
ÔÜá´©Å Returning safe recursive proxy for Supabase client during build phase.
ÔÜá´©Å Returning safe recursive proxy for Supabase client during build phase.
­ƒöº Configuraci├│n de Supabase: { url: 'No configurado', anonKey: 'No configurado' }
­ƒöº Configuraci├│n de Supabase: { url: 'No configurado', anonKey: 'No configurado' }

ÔØî SUPABASE CONFIGURATION ERROR:
   Missing required environment variables:
   - NEXT_PUBLIC_SUPABASE_URL: ÔØî
   - NEXT_PUBLIC_SUPABASE_ANON_KEY: ÔØî
   
   Context: Runtime
   Please check your .env.local file and ensure these variables are set.
      
ÔÜá´©Å Returning safe recursive proxy for Supabase client during build phase.
­ƒöº Configuraci├│n de Supabase: { url: 'No configurado', anonKey: 'No configurado' }
   Generating static pages (0/179) ...

ÔØî SUPABASE CONFIGURATION ERROR:
   Missing required environment variables:
   - NEXT_PUBLIC_SUPABASE_URL: ÔØî
   - NEXT_PUBLIC_SUPABASE_ANON_KEY: ÔØî
   
   Context: Runtime
   Please check your .env.local file and ensure these variables are set.
      
ÔÜá´©Å Returning safe recursive proxy for Supabase client during build phase.

ÔØî SUPABASE CONFIGURATION ERROR:
   Missing required environment variables:
   - NEXT_PUBLIC_SUPABASE_URL: ÔØî
   - NEXT_PUBLIC_SUPABASE_ANON_KEY: ÔØî
   
   Context: Runtime
   Please check your .env.local file and ensure these variables are set.
      
ÔÜá´©Å Returning safe recursive proxy for Supabase client during build phase.

ÔØî SUPABASE CONFIGURATION ERROR:
   Missing required environment variables:
   - NEXT_PUBLIC_SUPABASE_URL: ÔØî
   - NEXT_PUBLIC_SUPABASE_ANON_KEY: ÔØî
   
   Context: Runtime
   Please check your .env.local file and ensure these variables are set.
      
ÔÜá´©Å Returning safe recursive proxy for Supabase client during build phase.

ÔØî SUPABASE CONFIGURATION ERROR:
   Missing required environment variables:
   - NEXT_PUBLIC_SUPABASE_URL: ÔØî
   - NEXT_PUBLIC_SUPABASE_ANON_KEY: ÔØî
   
   Context: Runtime
­ƒöº Configuraci├│n de Supabase: { url: 'No configurado', anonKey: 'No configurado' }
   Please check your .env.local file and ensure these variables are set.
      
ÔÜá´©Å Returning safe recursive proxy for Supabase client during build phase.

ÔØî SUPABASE CONFIGURATION ERROR:
   Missing required environment variables:
   - NEXT_PUBLIC_SUPABASE_URL: ÔØî
   - NEXT_PUBLIC_SUPABASE_ANON_KEY: ÔØî
   
   Context: Runtime
   Please check your .env.local file and ensure these variables are set.
      
ÔÜá´©Å Returning safe recursive proxy for Supabase client during build phase.

ÔØî SUPABASE CONFIGURATION ERROR:
   Missing required environment variables:
   - NEXT_PUBLIC_SUPABASE_URL: ÔØî
   - NEXT_PUBLIC_SUPABASE_ANON_KEY: ÔØî
   
   Context: Runtime
   Please check your .env.local file and ensure these variables are set.
      
ÔÜá´©Å Returning safe recursive proxy for Supabase client during build phase.

ÔØî SUPABASE CONFIGURATION ERROR:
   Missing required environment variables:
   - NEXT_PUBLIC_SUPABASE_URL: ÔØî
   - NEXT_PUBLIC_SUPABASE_ANON_KEY: ÔØî
   
   Context: Runtime
   Please check your .env.local file and ensure these variables are set.
      
ÔÜá´©Å Returning safe recursive proxy for Supabase client during build phase.

ÔØî SUPABASE CONFIGURATION ERROR:
   Missing required environment variables:
   - NEXT_PUBLIC_SUPABASE_URL: ÔØî
   - NEXT_PUBLIC_SUPABASE_ANON_KEY: ÔØî
   
   Context: Runtime
   Please check your .env.local file and ensure these variables are set.
      
ÔÜá´©Å Returning safe recursive proxy for Supabase client during build phase.

ÔØî SUPABASE CONFIGURATION ERROR:
   Missing required environment variables:
   - NEXT_PUBLIC_SUPABASE_URL: ÔØî
   - NEXT_PUBLIC_SUPABASE_ANON_KEY: ÔØî
   
   Context: Runtime
   Please check your .env.local file and ensure these variables are set.
      
ÔÜá´©Å Returning safe recursive proxy for Supabase client during build phase.

ÔØî SUPABASE CONFIGURATION ERROR:
   Missing required environment variables:
   - NEXT_PUBLIC_SUPABASE_URL: ÔØî
   - NEXT_PUBLIC_SUPABASE_ANON_KEY: ÔØî
   
   Context: Runtime
   Please check your .env.local file and ensure these variables are set.
      
ÔÜá´©Å Returning safe recursive proxy for Supabase client during build phase.

ÔØî SUPABASE CONFIGURATION ERROR:
   Missing required environment variables:
   - NEXT_PUBLIC_SUPABASE_URL: ÔØî
   - NEXT_PUBLIC_SUPABASE_ANON_KEY: ÔØî
   
   Context: Runtime
   Please check your .env.local file and ensure these variables are set.
      
ÔÜá´©Å Returning safe recursive proxy for Supabase client during build phase.

ÔØî SUPABASE CONFIGURATION ERROR:
   Missing required environment variables:
   - NEXT_PUBLIC_SUPABASE_URL: ÔØî
   - NEXT_PUBLIC_SUPABASE_ANON_KEY: ÔØî
   
   Context: Runtime
   Please check your .env.local file and ensure these variables are set.
      
ÔÜá´©Å Returning safe recursive proxy for Supabase client during build phase.

ÔØî SUPABASE CONFIGURATION ERROR:
   Missing required environment variables:
   - NEXT_PUBLIC_SUPABASE_URL: ÔØî
   - NEXT_PUBLIC_SUPABASE_ANON_KEY: ÔØî
   
   Context: Runtime
   Please check your .env.local file and ensure these variables are set.
      
ÔÜá´©Å Returning safe recursive proxy for Supabase client during build phase.

ÔØî SUPABASE CONFIGURATION ERROR:
   Missing required environment variables:
   - NEXT_PUBLIC_SUPABASE_URL: ÔØî
   - NEXT_PUBLIC_SUPABASE_ANON_KEY: ÔØî
   
   Context: Runtime
   Please check your .env.local file and ensure these variables are set.
      
ÔÜá´©Å Returning safe recursive proxy for Supabase client during build phase.

ÔØî SUPABASE CONFIGURATION ERROR:
   Missing required environment variables:
   - NEXT_PUBLIC_SUPABASE_URL: ÔØî
   - NEXT_PUBLIC_SUPABASE_ANON_KEY: ÔØî
   
   Context: Runtime
   Please check your .env.local file and ensure these variables are set.
      
ÔÜá´©Å Returning safe recursive proxy for Supabase client during build phase.

ÔØî SUPABASE CONFIGURATION ERROR:
   Missing required environment variables:
   - NEXT_PUBLIC_SUPABASE_URL: ÔØî
   - NEXT_PUBLIC_SUPABASE_ANON_KEY: ÔØî
   
   Context: Runtime
   Please check your .env.local file and ensure these variables are set.
      
ÔÜá´©Å Returning safe recursive proxy for Supabase client during build phase.

ÔØî SUPABASE CONFIGURATION ERROR:
   Missing required environment variables:
   - NEXT_PUBLIC_SUPABASE_URL: ÔØî
   - NEXT_PUBLIC_SUPABASE_ANON_KEY: ÔØî
   
   Context: Runtime
   Please check your .env.local file and ensure these variables are set.
      
ÔÜá´©Å Returning safe recursive proxy for Supabase client during build phase.

ÔØî SUPABASE CONFIGURATION ERROR:
   Missing required environment variables:
   - NEXT_PUBLIC_SUPABASE_URL: ÔØî
   - NEXT_PUBLIC_SUPABASE_ANON_KEY: ÔØî
   
   Context: Runtime
   Please check your .env.local file and ensure these variables are set.
      
ÔÜá´©Å Returning safe recursive proxy for Supabase client during build phase.
[Stripe Server] STRIPE_SECRET_KEY no est├í configurada. Las funciones de billing no funcionar├ín.

ÔØî SUPABASE CONFIGURATION ERROR:
   Missing required environment variables:
   - NEXT_PUBLIC_SUPABASE_URL: ÔØî
   - NEXT_PUBLIC_SUPABASE_ANON_KEY: ÔØî
   
   Context: Runtime
   Please check your .env.local file and ensure these variables are set.
      
ÔÜá´©Å Returning safe recursive proxy for Supabase client during build phase.

ÔØî SUPABASE CONFIGURATION ERROR:
   Missing required environment variables:
   - NEXT_PUBLIC_SUPABASE_URL: ÔØî
   - NEXT_PUBLIC_SUPABASE_ANON_KEY: ÔØî
   
   Context: Runtime
   Please check your .env.local file and ensure these variables are set.
      
ÔÜá´©Å Returning safe recursive proxy for Supabase client during build phase.

ÔØî SUPABASE CONFIGURATION ERROR:
   Missing required environment variables:
   - NEXT_PUBLIC_SUPABASE_URL: ÔØî
   - NEXT_PUBLIC_SUPABASE_ANON_KEY: ÔØî
   
   Context: Runtime
   Please check your .env.local file and ensure these variables are set.
      
ÔÜá´©Å Returning safe recursive proxy for Supabase client during build phase.

ÔØî SUPABASE CONFIGURATION ERROR:
   Missing required environment variables:
   - NEXT_PUBLIC_SUPABASE_URL: ÔØî
   - NEXT_PUBLIC_SUPABASE_ANON_KEY: ÔØî
   
   Context: Runtime
   Please check your .env.local file and ensure these variables are set.
      
ÔÜá´©Å Returning safe recursive proxy for Supabase client during build phase.

ÔØî SUPABASE CONFIGURATION ERROR:
   Missing required environment variables:
   - NEXT_PUBLIC_SUPABASE_URL: ÔØî
   - NEXT_PUBLIC_SUPABASE_ANON_KEY: ÔØî
   
   Context: Runtime
   Please check your .env.local file and ensure these variables are set.
      
ÔÜá´©Å Returning safe recursive proxy for Supabase client during build phase.

ÔØî SUPABASE CONFIGURATION ERROR:
   Missing required environment variables:
   - NEXT_PUBLIC_SUPABASE_URL: ÔØî
   - NEXT_PUBLIC_SUPABASE_ANON_KEY: ÔØî
   
   Context: Runtime
   Please check your .env.local file and ensure these variables are set.
      
ÔÜá´©Å Returning safe recursive proxy for Supabase client during build phase.

ÔØî SUPABASE CONFIGURATION ERROR:
   Missing required environment variables:
   - NEXT_PUBLIC_SUPABASE_URL: ÔØî
   - NEXT_PUBLIC_SUPABASE_ANON_KEY: ÔØî
   
   Context: Runtime
   Please check your .env.local file and ensure these variables are set.
      
ÔÜá´©Å Returning safe recursive proxy for Supabase client during build phase.

ÔØî SUPABASE CONFIGURATION ERROR:
   Missing required environment variables:
   - NEXT_PUBLIC_SUPABASE_URL: ÔØî
   - NEXT_PUBLIC_SUPABASE_ANON_KEY: ÔØî
   
   Context: Runtime
   Please check your .env.local file and ensure these variables are set.
      
ÔÜá´©Å Returning safe recursive proxy for Supabase client during build phase.
Error occurred prerendering page "/dashboard/configuraciones/usuarios". Read more: https://nextjs.org/docs/messages/prerender-error
Error: @supabase/ssr: Your project's URL and API key are required to create a Supabase client!

Check your Supabase project's API settings to find these values

https://supabase.com/dashboard/project/_/settings/api
    at <unknown> (https://supabase.com/dashboard/project/_/settings/api)
    at D (C:\Users\exclu\erp-taller-saas\.next\server\app\dashboard\configuraciones\usuarios\page.js:1:2795) {
  digest: '4032536346'
}
Export encountered an error on /dashboard/configuraciones/usuarios/page: /dashboard/configuraciones/usuarios, exiting the build.
 Ô¿» Next.js build worker exited with code: 1 and signal: null
