
> erp-taller-saas@0.1.3 build
> next build

   Ă”Ă»â–“ Next.js 15.5.7
   - Environments: .env.local
   - Experiments (use with caution):
     Ă”ÂŁĂ´ forceSwcTransforms

   Creating an optimized production build ...
 Ă”ÂŁĂ´ (pwa) Compiling for server...
 Ă”ÂŁĂ´ (pwa) Compiling for server...
 Ă”ÂŁĂ´ (pwa) Compiling for client (static)...
 Ă”ĂąĂŻ (pwa) Service worker won't be automatically registered as per the config, please call the following code in componentDidMount or useEffect:
 Ă”ĂąĂŻ (pwa)   window.workbox.register()
 Ă”ĂąĂŻ (pwa) You may also want to add @ducanh2912/next-pwa/workbox to compilerOptions.types in your tsconfig.json/jsconfig.json.
 Ă”ĂąĂŻ (pwa) Service worker: C:\Users\exclu\erp-taller-saas\public\sw.js
 Ă”ĂąĂŻ (pwa)   URL: /sw.js
 Ă”ĂąĂŻ (pwa)   Scope: /
 Ă”ÂŁĂ´ (pwa) Found a custom worker implementation at C:\Users\exclu\erp-taller-saas\worker\index.ts.
 Ă”ÂŁĂ´ (pwa) Building the custom worker to C:\Users\exclu\erp-taller-saas\public\worker-908ec619abc15adf.js...
<w> [webpack.cache.PackFileCacheStrategy] Serializing big strings (108kiB) impacts deserialization performance (consider using Buffer instead and decode when needed)
 Ă”ĂśĂˇ Compiled with warnings in 8.4min

./src/integrations/whatsapp/services/ai-agent.ts
Critical dependency: the request of a dependency is an expression

Import trace for requested module:
./src/integrations/whatsapp/services/ai-agent.ts
./src/app/api/whatsapp/test-agent/route.ts

./node_modules/@supabase/realtime-js/dist/module/lib/websocket-factory.js
A Node.js API is used (process.versions at line: 35) which is not supported in the Edge Runtime.
Learn more: https://nextjs.org/docs/api-reference/edge-runtime

Import trace for requested module:
./node_modules/@supabase/realtime-js/dist/module/lib/websocket-factory.js
./node_modules/@supabase/realtime-js/dist/module/index.js
./node_modules/@supabase/supabase-js/dist/module/index.js
./node_modules/@supabase/ssr/dist/module/createServerClient.js
./node_modules/@supabase/ssr/dist/module/index.js
./src/lib/supabase/middleware-robust.ts

./node_modules/@supabase/supabase-js/dist/module/index.js
A Node.js API is used (process.version at line: 24) which is not supported in the Edge Runtime.
Learn more: https://nextjs.org/docs/api-reference/edge-runtime

Import trace for requested module:
./node_modules/@supabase/supabase-js/dist/module/index.js
./node_modules/@supabase/ssr/dist/module/createServerClient.js
./node_modules/@supabase/ssr/dist/module/index.js
./src/lib/supabase/middleware-robust.ts

   Skipping validation of types
   Skipping linting
   Collecting page data ...
Ă”ÂŁĂ  Supabase browser client initialized
Â­Ć’Ă´Ă¬ Supabase URL: https://igshgleciwknpupbmvhn.s...
Ă”ÂŁĂ  Supabase browser client initialized
Â­Ć’Ă´Ă¬ Supabase URL: https://igshgleciwknpupbmvhn.s...
Ă”ÂŁĂ  Supabase browser client initialized
Â­Ć’Ă´Ă¬ Supabase URL: https://igshgleciwknpupbmvhn.s...
Â­Ć’Ă¶Âş Configuraciâ”śâ”‚n de Supabase: { url: 'Configurado', anonKey: 'Configurado' }
Â­Ć’Ă¶Âş Configuraciâ”śâ”‚n de Supabase: { url: 'Configurado', anonKey: 'Configurado' }
Â­Ć’Ă¶Âş Configuraciâ”śâ”‚n de Supabase: { url: 'Configurado', anonKey: 'Configurado' }
   Generating static pages (0/192) ...
Ă”ÂŁĂ  Supabase browser client initialized
Â­Ć’Ă´Ă¬ Supabase URL: https://igshgleciwknpupbmvhn.s...
Ă”ÂŁĂ  Supabase browser client initialized
Â­Ć’Ă´Ă¬ Supabase URL: https://igshgleciwknpupbmvhn.s...
Ă”ÂŁĂ  Supabase browser client initialized
Â­Ć’Ă´Ă¬ Supabase URL: https://igshgleciwknpupbmvhn.s...
Â­Ć’Ă¶Ă¬ [DEBUG] SUPABASE_URL: https://igshgleciwknpupbmvhn.supabase.co
Â­Ć’Ă¶Ă¬ [DEBUG] ANON_KEY existe: true
Â­Ć’Ă¶Ă¬ [DEBUG] ANON_KEY primeros 20 chars: eyJhbGciOiJIUzI1NiIs
Ă”ÂŁĂ  Supabase browser client initialized
Â­Ć’Ă´Ă¬ Supabase URL: https://igshgleciwknpupbmvhn.s...
Â­Ć’Ă¶Âş Configuraciâ”śâ”‚n de Supabase: { url: 'Configurado', anonKey: 'Configurado' }
Ă”ÂŁĂ  Supabase browser client initialized
Â­Ć’Ă´Ă¬ Supabase URL: https://igshgleciwknpupbmvhn.s...
Â­Ć’Ă´Ă¨ [Inventory] Calculando estadâ”śÂˇsticas...
  Items: 0
Ă”ÂŁĂ  [Inventory] Estadâ”śÂˇsticas calculadas: {
  totalProducts: 0,
  lowStock: 0,
  lowStockItems: [],
  categories: 0,
  totalValue: 0
}
Â­Ć’Ă¶Ă¬ [Dropdown] Filtrando clientes (memoizado): { customerNameLength: 0, totalCustomers: 0, customerName: '' }
Â­Ć’Ă´ĂŻ [Dropdown] Mostrando todos los clientes: 0
[DashboardLayout] Ă”Ă…â”‚ Mostrando loading (isLoading=true, isReady=false)
[DashboardLayout] Ă”Ă…â”‚ Mostrando loading (isLoading=true, isReady=false)
   Generating static pages (48/192) 
   Generating static pages (96/192) 
   Generating static pages (144/192) 
 Ă”ÂŁĂ´ Generating static pages (192/192)
   Finalizing page optimization ...
   Collecting build traces ...

Route (app)                                            Size  First Load JS
Ă”Ă¶Ă® Ă”ĂąĂŻ /                                                 44 kB         198 kB
Ă”Ă¶ÂŁ Ă”ĂąĂŻ /_not-found                                        1 kB         105 kB
Ă”Ă¶ÂŁ Ă”ĂąĂŻ /admin/migrate-customers                        4.46 kB         161 kB
Ă”Ă¶ÂŁ Ă”ĂąĂŻ /admin/migrate-orders                           4.46 kB         161 kB
Ă”Ă¶ÂŁ Ă”ĂąĂŻ /analisis-financiero                            3.29 kB         265 kB
Ă”Ă¶ÂŁ Ă”ĂąĂŻ /api-docs                                       2.06 kB         106 kB
Ă”Ă¶ÂŁ ĂŁĂ† /api/agent/query                                  589 B         105 kB
Ă”Ă¶ÂŁ ĂŁĂ† /api/ai-assistant                                 589 B         105 kB
Ă”Ă¶ÂŁ ĂŁĂ† /api/appointments                                 589 B         105 kB
Ă”Ă¶ÂŁ ĂŁĂ† /api/appointments/stats                           589 B         105 kB
Ă”Ă¶ÂŁ ĂŁĂ† /api/auth/complete-example                        589 B         105 kB
Ă”Ă¶ÂŁ ĂŁĂ† /api/auth/demo                                    589 B         105 kB
Ă”Ă¶ÂŁ ĂŁĂ† /api/auth/example                                 589 B         105 kB
Ă”Ă¶ÂŁ ĂŁĂ† /api/auth/link-account                            589 B         105 kB
Ă”Ă¶ÂŁ ĂŁĂ† /api/auth/login                                   589 B         105 kB
Ă”Ă¶ÂŁ ĂŁĂ† /api/auth/logout                                  589 B         105 kB
Ă”Ă¶ÂŁ ĂŁĂ† /api/auth/me                                      589 B         105 kB
Ă”Ă¶ÂŁ ĂŁĂ† /api/auth/pattern                                 589 B         105 kB
Ă”Ă¶ÂŁ ĂŁĂ† /api/auth/register                                589 B         105 kB
Ă”Ă¶ÂŁ ĂŁĂ† /api/auth/test-validation                         589 B         105 kB
Ă”Ă¶ÂŁ ĂŁĂ† /api/auth/validate                                589 B         105 kB
Ă”Ă¶ÂŁ ĂŁĂ† /api/backups                                      589 B         105 kB
Ă”Ă¶ÂŁ ĂŁĂ† /api/backups/[id]                                 589 B         105 kB
Ă”Ă¶ÂŁ ĂŁĂ† /api/backups/[id]/restore                         589 B         105 kB
Ă”Ă¶ÂŁ ĂŁĂ† /api/backups/[id]/verify                          589 B         105 kB
Ă”Ă¶ÂŁ ĂŁĂ† /api/backups/cleanup                              589 B         105 kB
Ă”Ă¶ÂŁ ĂŁĂ† /api/backups/info                                 589 B         105 kB
Ă”Ă¶ÂŁ ĂŁĂ† /api/backups/schedule                             589 B         105 kB
Ă”Ă¶ÂŁ ĂŁĂ† /api/backups/stats                                589 B         105 kB
Ă”Ă¶ÂŁ ĂŁĂ† /api/billing/checkout                             589 B         105 kB
Ă”Ă¶ÂŁ ĂŁĂ† /api/billing/mercadopago/checkout                 589 B         105 kB
Ă”Ă¶ÂŁ ĂŁĂ† /api/billing/mercadopago/webhook                  589 B         105 kB
Ă”Ă¶ÂŁ ĂŁĂ† /api/billing/portal                               589 B         105 kB
Ă”Ă¶ÂŁ ĂŁĂ† /api/billing/webhook                              589 B         105 kB
Ă”Ă¶ÂŁ ĂŁĂ† /api/cash-accounts                                589 B         105 kB
Ă”Ă¶ÂŁ ĂŁĂ† /api/cash-accounts/[id]                           589 B         105 kB
Ă”Ă¶ÂŁ ĂŁĂ† /api/cash-accounts/[id]/movements                 589 B         105 kB
Ă”Ă¶ÂŁ ĂŁĂ† /api/cash-closures                                589 B         105 kB
Ă”Ă¶ÂŁ ĂŁĂ† /api/cash-closures/[id]                           589 B         105 kB
Ă”Ă¶ÂŁ ĂŁĂ† /api/collections                                  589 B         105 kB
Ă”Ă¶ÂŁ ĂŁĂ† /api/collections/[id]/pay                         589 B         105 kB
Ă”Ă¶ÂŁ ĂŁĂ† /api/conversions/quotation-to-invoice             589 B         105 kB
Ă”Ă¶ÂŁ ĂŁĂ† /api/conversions/work-order-to-invoice            589 B         105 kB
Ă”Ă¶ÂŁ ĂŁĂ† /api/conversions/work-order-to-quotation          589 B         105 kB
Ă”Ă¶ÂŁ ĂŁĂ† /api/credit-notes                                 589 B         105 kB
Ă”Ă¶ÂŁ ĂŁĂ† /api/credit-notes/[id]                            589 B         105 kB
Ă”Ă¶ÂŁ ĂŁĂ† /api/credit-notes/next-number                     589 B         105 kB
Ă”Ă¶ÂŁ ĂŁĂ† /api/cron/expire-subscriptions                    589 B         105 kB
Ă”Ă¶ÂŁ ĂŁĂ† /api/customers                                    589 B         105 kB
Ă”Ă¶ÂŁ ĂŁĂ† /api/customers-protected                          589 B         105 kB
Ă”Ă¶ÂŁ ĂŁĂ† /api/customers/[id]                               589 B         105 kB
Ă”Ă¶ÂŁ ĂŁĂ† /api/customers/[id]/vehicles                      589 B         105 kB
Ă”Ă¶ÂŁ ĂŁĂ† /api/debug-leads                                  589 B         105 kB
Ă”Ă¶ÂŁ ĂŁĂ† /api/delivery-notes                               589 B         105 kB
Ă”Ă¶ÂŁ ĂŁĂ† /api/delivery-notes/[id]                          589 B         105 kB
Ă”Ă¶ÂŁ ĂŁĂ† /api/delivery-notes/next-number                   589 B         105 kB
Ă”Ă¶ÂŁ ĂŁĂ† /api/docs/info                                    589 B         105 kB
Ă”Ă¶ÂŁ ĂŁĂ† /api/employees                                    589 B         105 kB
Ă”Ă¶ÂŁ ĂŁĂ† /api/exchange-rates                               589 B         105 kB
Ă”Ă¶ÂŁ ĂŁĂ† /api/expenses                                     589 B         105 kB
Ă”Ă¶ÂŁ ĂŁĂ† /api/expenses/[id]                                589 B         105 kB
Ă”Ă¶ÂŁ ĂŁĂ† /api/expenses/stats                               589 B         105 kB
Ă”Ă¶ÂŁ ĂŁĂ† /api/health                                       589 B         105 kB
Ă”Ă¶ÂŁ ĂŁĂ† /api/ingresos/stats                               589 B         105 kB
Ă”Ă¶ÂŁ ĂŁĂ† /api/inspections                                  589 B         105 kB
Ă”Ă¶ÂŁ ĂŁĂ† /api/inventory                                    589 B         105 kB
Ă”Ă¶ÂŁ ĂŁĂ† /api/inventory/[id]                               589 B         105 kB
Ă”Ă¶ÂŁ ĂŁĂ† /api/inventory/[id]/stock                         589 B         105 kB
Ă”Ă¶ÂŁ ĂŁĂ† /api/inventory/categories                         589 B         105 kB
Ă”Ă¶ÂŁ ĂŁĂ† /api/inventory/categories/[id]                    589 B         105 kB
Ă”Ă¶ÂŁ ĂŁĂ† /api/inventory/low-stock                          589 B         105 kB
Ă”Ă¶ÂŁ ĂŁĂ† /api/inventory/movements                          589 B         105 kB
Ă”Ă¶ÂŁ ĂŁĂ† /api/inventory/movements/[id]                     589 B         105 kB
Ă”Ă¶ÂŁ ĂŁĂ† /api/inventory/movements/stats                    589 B         105 kB
Ă”Ă¶ÂŁ ĂŁĂ† /api/inventory/stats                              589 B         105 kB
Ă”Ă¶ÂŁ ĂŁĂ† /api/invitations                                  589 B         105 kB
Ă”Ă¶ÂŁ ĂŁĂ† /api/invitations/resend                           589 B         105 kB
Ă”Ă¶ÂŁ ĂŁĂ† /api/invoices                                     589 B         105 kB
Ă”Ă¶ÂŁ ĂŁĂ† /api/invoices/[id]                                589 B         105 kB
Ă”Ă¶ÂŁ ĂŁĂ† /api/invoices/[id]/discount                       589 B         105 kB
Ă”Ă¶ÂŁ ĂŁĂ† /api/invoices/[id]/items                          589 B         105 kB
Ă”Ă¶ÂŁ ĂŁĂ† /api/invoices/[id]/items/[itemId]                 589 B         105 kB
Ă”Ă¶ÂŁ ĂŁĂ† /api/invoices/[id]/pay                            589 B         105 kB
Ă”Ă¶ÂŁ ĂŁĂ† /api/invoices/[id]/payments                       589 B         105 kB
Ă”Ă¶ÂŁ ĂŁĂ† /api/invoices/from-order                          589 B         105 kB
Ă”Ă¶ÂŁ ĂŁĂ† /api/invoices/overdue                             589 B         105 kB
Ă”Ă¶ÂŁ ĂŁĂ† /api/invoices/unpaid                              589 B         105 kB
Ă”Ă¶ÂŁ ĂŁĂ† /api/kpis/dashboard                               589 B         105 kB
Ă”Ă¶ÂŁ ĂŁĂ† /api/kpis/info                                    589 B         105 kB
Ă”Ă¶ÂŁ ĂŁĂ† /api/kpis/low-stock                               589 B         105 kB
Ă”Ă¶ÂŁ ĂŁĂ† /api/kpis/orders-status                           589 B         105 kB
Ă”Ă¶ÂŁ ĂŁĂ† /api/kpis/performance                             589 B         105 kB
Ă”Ă¶ÂŁ ĂŁĂ† /api/kpis/sales-chart                             589 B         105 kB
Ă”Ă¶ÂŁ ĂŁĂ† /api/kpis/top-customers                           589 B         105 kB
Ă”Ă¶ÂŁ ĂŁĂ† /api/kpis/top-products                            589 B         105 kB
Ă”Ă¶ÂŁ ĂŁĂ† /api/leads                                        589 B         105 kB
Ă”Ă¶ÂŁ ĂŁĂ† /api/leads/[id]                                   589 B         105 kB
Ă”Ă¶ÂŁ ĂŁĂ† /api/leads/[id]/convert                           589 B         105 kB
Ă”Ă¶ÂŁ ĂŁĂ† /api/leads/[id]/create-work-order                 589 B         105 kB
Ă”Ă¶ÂŁ ĂŁĂ† /api/leads/from-conversation                      589 B         105 kB
Ă”Ă¶ÂŁ ĂŁĂ† /api/leads/stats                                  589 B         105 kB
Ă”Ă¶ÂŁ ĂŁĂ† /api/messaging/activate-premium                   589 B         105 kB
Ă”Ă¶ÂŁ ĂŁĂ† /api/messaging/config                             589 B         105 kB
Ă”Ă¶ÂŁ ĂŁĂ† /api/messaging/send/email                         589 B         105 kB
Ă”Ă¶ÂŁ ĂŁĂ† /api/messaging/send/whatsapp                      589 B         105 kB
Ă”Ă¶ÂŁ ĂŁĂ† /api/messaging/start-trial                        589 B         105 kB
Ă”Ă¶ÂŁ ĂŁĂ† /api/messaging/stats                              589 B         105 kB
Ă”Ă¶ÂŁ ĂŁĂ† /api/messaging/test/email                         589 B         105 kB
Ă”Ă¶ÂŁ ĂŁĂ† /api/messaging/test/whatsapp                      589 B         105 kB
Ă”Ă¶ÂŁ ĂŁĂ† /api/messaging/twilio/webhook/[organizationId]    589 B         105 kB
Ă”Ă¶ÂŁ ĂŁĂ† /api/migrations/terms-pdf                         589 B         105 kB
Ă”Ă¶ÂŁ ĂŁĂ† /api/notifications                                589 B         105 kB
Ă”Ă¶ÂŁ ĂŁĂ† /api/notifications/[id]                           589 B         105 kB
Ă”Ă¶ÂŁ ĂŁĂ† /api/notifications/auto-check                     589 B         105 kB
Ă”Ă¶ÂŁ ĂŁĂ† /api/notifications/demo                           589 B         105 kB
Ă”Ă¶ÂŁ ĂŁĂ† /api/notifications/info                           589 B         105 kB
Ă”Ă¶ÂŁ ĂŁĂ† /api/notifications/mark-all-read                  589 B         105 kB
Ă”Ă¶ÂŁ ĂŁĂ† /api/notifications/stats                          589 B         105 kB
Ă”Ă¶ÂŁ ĂŁĂ† /api/notifications/test                           589 B         105 kB
Ă”Ă¶ÂŁ ĂŁĂ† /api/notifications/urgent                         589 B         105 kB
Ă”Ă¶ÂŁ ĂŁĂ† /api/orders                                       589 B         105 kB
Ă”Ă¶ÂŁ ĂŁĂ† /api/orders/[id]                                  589 B         105 kB
Ă”Ă¶ÂŁ ĂŁĂ† /api/orders/[id]/items                            589 B         105 kB
Ă”Ă¶ÂŁ ĂŁĂ† /api/orders/[id]/items/[itemId]                   589 B         105 kB
Ă”Ă¶ÂŁ ĂŁĂ† /api/orders/[id]/totals                           589 B         105 kB
Ă”Ă¶ÂŁ ĂŁĂ† /api/orders/stats                                 589 B         105 kB
Ă”Ă¶ÂŁ ĂŁĂ† /api/payments                                     589 B         105 kB
Ă”Ă¶ÂŁ ĂŁĂ† /api/payments/[id]                                589 B         105 kB
Ă”Ă¶ÂŁ ĂŁĂ† /api/payments/invoice/[invoiceId]                 589 B         105 kB
Ă”Ă¶ÂŁ ĂŁĂ† /api/protected-example                            589 B         105 kB
Ă”Ă¶ÂŁ ĂŁĂ† /api/public/orders/[id]                           589 B         105 kB
Ă”Ă¶ÂŁ ĂŁĂ† /api/purchase-orders                              589 B         105 kB
Ă”Ă¶ÂŁ ĂŁĂ† /api/purchase-orders/[id]                         589 B         105 kB
Ă”Ă¶ÂŁ ĂŁĂ† /api/purchase-orders/[id]/approve                 589 B         105 kB
Ă”Ă¶ÂŁ ĂŁĂ† /api/purchase-orders/[id]/receive                 589 B         105 kB
Ă”Ă¶ÂŁ ĂŁĂ† /api/push/send                                    589 B         105 kB
Ă”Ă¶ÂŁ ĂŁĂ† /api/push/subscribe                               589 B         105 kB
Ă”Ă¶ÂŁ ĂŁĂ† /api/quotations                                   589 B         105 kB
Ă”Ă¶ÂŁ ĂŁĂ† /api/quotations/[id]                              589 B         105 kB
Ă”Ă¶ÂŁ ĂŁĂ† /api/quotations/[id]/approve                      589 B         105 kB
Ă”Ă¶ÂŁ ĂŁĂ† /api/quotations/[id]/convert                      589 B         105 kB
Ă”Ă¶ÂŁ ĂŁĂ† /api/quotations/[id]/duplicate                    589 B         105 kB
Ă”Ă¶ÂŁ ĂŁĂ† /api/quotations/[id]/items                        589 B         105 kB
Ă”Ă¶ÂŁ ĂŁĂ† /api/quotations/[id]/items/[itemId]               589 B         105 kB
Ă”Ă¶ÂŁ ĂŁĂ† /api/quotations/[id]/reject                       589 B         105 kB
Ă”Ă¶ÂŁ ĂŁĂ† /api/quotations/[id]/send                         589 B         105 kB
Ă”Ă¶ÂŁ ĂŁĂ† /api/quotations/[id]/status                       589 B         105 kB
Ă”Ă¶ÂŁ ĂŁĂ† /api/quotations/bulk-status                       589 B         105 kB
Ă”Ă¶ÂŁ ĂŁĂ† /api/quotations/metrics                           589 B         105 kB
Ă”Ă¶ÂŁ ĂŁĂ† /api/reports/customers                            589 B         105 kB
Ă”Ă¶ÂŁ ĂŁĂ† /api/reports/dashboard                            589 B         105 kB
Ă”Ă¶ÂŁ ĂŁĂ† /api/reports/inventory                            589 B         105 kB
Ă”Ă¶ÂŁ ĂŁĂ† /api/reports/operaciones                          589 B         105 kB
Ă”Ă¶ÂŁ ĂŁĂ† /api/reports/performance                          589 B         105 kB
Ă”Ă¶ÂŁ ĂŁĂ† /api/reports/sales                                589 B         105 kB
Ă”Ă¶ÂŁ ĂŁĂ† /api/reports/suppliers                            589 B         105 kB
Ă”Ă¶ÂŁ ĂŁĂ† /api/reports/ventas-por-items                     589 B         105 kB
Ă”Ă¶ÂŁ ĂŁĂ† /api/search/global                                589 B         105 kB
Ă”Ă¶ÂŁ ĂŁĂ† /api/search/suggestions                           589 B         105 kB
Ă”Ă¶ÂŁ ĂŁĂ† /api/seed                                         589 B         105 kB
Ă”Ă¶ÂŁ ĂŁĂ† /api/seed/inventory                               589 B         105 kB
Ă”Ă¶ÂŁ ĂŁĂ† /api/service-packages                             589 B         105 kB
Ă”Ă¶ÂŁ ĂŁĂ† /api/service-packages/[id]                        589 B         105 kB
Ă”Ă¶ÂŁ ĂŁĂ† /api/services                                     589 B         105 kB
Ă”Ă¶ÂŁ ĂŁĂ† /api/supplier-payments                            589 B         105 kB
Ă”Ă¶ÂŁ ĂŁĂ† /api/supplier-payments/[id]                       589 B         105 kB
Ă”Ă¶ÂŁ ĂŁĂ† /api/suppliers                                    589 B         105 kB
Ă”Ă¶ÂŁ ĂŁĂ† /api/suppliers/[id]                               589 B         105 kB
Ă”Ă¶ÂŁ ĂŁĂ† /api/suppliers/[id]/payments                      589 B         105 kB
Ă”Ă¶ÂŁ ĂŁĂ† /api/suppliers/[id]/purchase-orders               589 B         105 kB
Ă”Ă¶ÂŁ ĂŁĂ† /api/suppliers/stats                              589 B         105 kB
Ă”Ă¶ÂŁ ĂŁĂ† /api/swagger.json                                 589 B         105 kB
Ă”Ă¶ÂŁ ĂŁĂ† /api/test-operations                              589 B         105 kB
Ă”Ă¶ÂŁ ĂŁĂ† /api/test-rate-limit                              589 B         105 kB
Ă”Ă¶ÂŁ ĂŁĂ† /api/test-rate-limit/debug-env                    589 B         105 kB
Ă”Ă¶ÂŁ ĂŁĂ† /api/test-rate-limit/diagnose                     589 B         105 kB
Ă”Ă¶ÂŁ ĂŁĂ† /api/test-rate-limit/env-check                    589 B         105 kB
Ă”Ă¶ÂŁ ĂŁĂ† /api/users                                        589 B         105 kB
Ă”Ă¶ÂŁ ĂŁĂ† /api/users/[id]                                   589 B         105 kB
Ă”Ă¶ÂŁ ĂŁĂ† /api/users/[id]/activate                          589 B         105 kB
Ă”Ă¶ÂŁ ĂŁĂ† /api/users/[id]/role                              589 B         105 kB
Ă”Ă¶ÂŁ ĂŁĂ† /api/users/me                                     589 B         105 kB
Ă”Ă¶ÂŁ ĂŁĂ† /api/users/stats                                  589 B         105 kB
Ă”Ă¶ÂŁ ĂŁĂ† /api/vehicles                                     589 B         105 kB
Ă”Ă¶ÂŁ ĂŁĂ† /api/vehicles/[id]                                589 B         105 kB
Ă”Ă¶ÂŁ ĂŁĂ† /api/vehicles/[id]/history                        589 B         105 kB
Ă”Ă¶ÂŁ ĂŁĂ† /api/vehicles/search                              589 B         105 kB
Ă”Ă¶ÂŁ ĂŁĂ† /api/verify-env                                   589 B         105 kB
Ă”Ă¶ÂŁ ĂŁĂ† /api/whatsapp/conversations                       589 B         105 kB
Ă”Ă¶ÂŁ ĂŁĂ† /api/whatsapp/conversations/[id]                  589 B         105 kB
Ă”Ă¶ÂŁ ĂŁĂ† /api/whatsapp/conversations/[id]/messages         589 B         105 kB
Ă”Ă¶ÂŁ ĂŁĂ† /api/whatsapp/diagnose                            589 B         105 kB
Ă”Ă¶ÂŁ ĂŁĂ† /api/whatsapp/test-agent                          589 B         105 kB
Ă”Ă¶ÂŁ ĂŁĂ† /api/work-orders                                  589 B         105 kB
Ă”Ă¶ÂŁ ĂŁĂ† /api/work-orders/[id]                             589 B         105 kB
Ă”Ă¶ÂŁ ĂŁĂ† /api/work-orders/[id]/history                     589 B         105 kB
Ă”Ă¶ÂŁ ĂŁĂ† /api/work-orders/[id]/images                      589 B         105 kB
Ă”Ă¶ÂŁ ĂŁĂ† /api/work-orders/[id]/images/delete               589 B         105 kB
Ă”Ă¶ÂŁ ĂŁĂ† /api/work-orders/[id]/images/upload               589 B         105 kB
Ă”Ă¶ÂŁ ĂŁĂ† /api/work-orders/[id]/items                       589 B         105 kB
Ă”Ă¶ÂŁ ĂŁĂ† /api/work-orders/[id]/notify                      589 B         105 kB
Ă”Ă¶ÂŁ ĂŁĂ† /api/work-orders/[id]/services                    589 B         105 kB
Ă”Ă¶ÂŁ ĂŁĂ† /api/work-orders/[id]/services/[serviceId]        589 B         105 kB
Ă”Ă¶ÂŁ ĂŁĂ† /api/work-orders/[id]/status                      589 B         105 kB
Ă”Ă¶ÂŁ ĂŁĂ† /api/work-orders/stats                            589 B         105 kB
Ă”Ă¶ÂŁ ĂŁĂ† /auth/callback                                    589 B         105 kB
Ă”Ă¶ÂŁ ĂŁĂ† /auth/forgot-password                            2.5 kB         151 kB
Ă”Ă¶ÂŁ ĂŁĂ† /auth/login                                     6.88 kB         199 kB
Ă”Ă¶ÂŁ ĂŁĂ† /auth/register                                  11.4 kB         168 kB
Ă”Ă¶ÂŁ ĂŁĂ† /auth/reset-password                            6.56 kB         172 kB
Ă”Ă¶ÂŁ ĂŁĂ† /auth/setup                                     1.13 kB         105 kB
Ă”Ă¶ÂŁ ĂŁĂ† /auth/suspended                                  3.6 kB         163 kB
Ă”Ă¶ÂŁ Ă”ĂąĂŻ /citas                                          12.4 kB         275 kB
Ă”Ă¶ÂŁ Ă”ĂąĂŻ /clientes                                       15.5 kB         344 kB
Ă”Ă¶ÂŁ Ă”ĂąĂŻ /cobros                                           550 B         105 kB
Ă”Ă¶ÂŁ Ă”ĂąĂŻ /comercial                                        589 B         105 kB
Ă”Ă¶ÂŁ Ă”ĂąĂŻ /compras                                        4.64 kB         270 kB
Ă”Ă¶ÂŁ Ă”ĂąĂŻ /compras/gastos                                 9.45 kB         275 kB
Ă”Ă¶ÂŁ ĂŁĂ† /compras/gastos/[id]                            6.56 kB         272 kB
Ă”Ă¶ÂŁ Ă”ĂąĂŻ /compras/gastos/nuevo                           7.16 kB         273 kB
Ă”Ă¶ÂŁ Ă”ĂąĂŻ /compras/ordenes                                8.52 kB         212 kB
Ă”Ă¶ÂŁ ĂŁĂ† /compras/ordenes/[id]                           5.88 kB         171 kB
Ă”Ă¶ÂŁ ĂŁĂ† /compras/ordenes/[id]/recibir                   7.28 kB         181 kB
Ă”Ă¶ÂŁ Ă”ĂąĂŻ /compras/ordenes/nueva                          8.77 kB         212 kB
Ă”Ă¶ÂŁ Ă”ĂąĂŻ /compras/pagos                                  10.9 kB         286 kB
Ă”Ă¶ÂŁ Ă”ĂąĂŻ /compras/proveedores                            5.81 kB         217 kB
Ă”Ă¶ÂŁ Ă”ĂąĂŻ /configuraciones/empresa                        11.8 kB         203 kB
Ă”Ă¶ÂŁ Ă”ĂąĂŻ /configuraciones/sistema                        8.51 kB         225 kB
Ă”Ă¶ÂŁ Ă”ĂąĂŻ /configuraciones/usuarios                       19.7 kB         246 kB
Ă”Ă¶ÂŁ ĂŁĂ† /cotizaciones                                     17 kB         292 kB
Ă”Ă¶ÂŁ ĂŁĂ† /cotizaciones/[id]                              9.58 kB         184 kB
Ă”Ă¶ÂŁ ĂŁĂ† /cotizaciones/nueva                             5.79 kB         226 kB
Ă”Ă¶ÂŁ Ă”ĂąĂŻ /dashboard                                       122 kB         439 kB
Ă”Ă¶ÂŁ Ă”ĂąĂŻ /dashboard/configuraciones/usuarios             8.83 kB         214 kB
Ă”Ă¶ÂŁ Ă”ĂąĂŻ /dashboard/whatsapp                              7.4 kB         198 kB
Ă”Ă¶ÂŁ Ă”ĂąĂŻ /dashboard/whatsapp/conversaciones              27.8 kB         245 kB
Ă”Ă¶ÂŁ Ă”ĂąĂŻ /dashboard/whatsapp/setup-api                   5.02 kB         203 kB
Ă”Ă¶ÂŁ Ă”ĂąĂŻ /dashboard/whatsapp/test                        1.84 kB         181 kB
Ă”Ă¶ÂŁ Ă”ĂąĂŻ /dashboard/whatsapp/train-agent                 6.03 kB         204 kB
Ă”Ă¶ÂŁ Ă”ĂąĂŻ /facturacion                                      559 B         105 kB
Ă”Ă¶ÂŁ Ă”ĂąĂŻ /icon.png                                           0 B            0 B
Ă”Ă¶ÂŁ Ă”ĂąĂŻ /ingresos                                       6.06 kB         272 kB
Ă”Ă¶ÂŁ Ă”ĂąĂŻ /ingresos/ajustes-devoluciones                  4.95 kB         271 kB
Ă”Ă¶ÂŁ ĂŁĂ† /ingresos/ajustes-devoluciones/[id]             5.11 kB         271 kB
Ă”Ă¶ÂŁ Ă”ĂąĂŻ /ingresos/ajustes-devoluciones/nueva            5.43 kB         271 kB
Ă”Ă¶ÂŁ Ă”ĂąĂŻ /ingresos/arqueo-caja                           6.74 kB         273 kB
Ă”Ă¶ÂŁ ĂŁĂ† /ingresos/arqueo-caja/[id]                      6.61 kB         272 kB
Ă”Ă¶ÂŁ Ă”ĂąĂŻ /ingresos/arqueo-caja/nuevo                     6.94 kB         273 kB
Ă”Ă¶ÂŁ Ă”ĂąĂŻ /ingresos/cobros                                10.6 kB         230 kB
Ă”Ă¶ÂŁ Ă”ĂąĂŻ /ingresos/cuentas-efectivo                       9.5 kB         282 kB
Ă”Ă¶ÂŁ Ă”ĂąĂŻ /ingresos/entregas                              4.59 kB         270 kB
Ă”Ă¶ÂŁ ĂŁĂ† /ingresos/entregas/[id]                         4.79 kB         271 kB
Ă”Ă¶ÂŁ Ă”ĂąĂŻ /ingresos/entregas/nueva                         5.3 kB         271 kB
Ă”Ă¶ÂŁ Ă”ĂąĂŻ /ingresos/facturacion                           13.3 kB         289 kB
Ă”Ă¶ÂŁ Ă”ĂąĂŻ /inventarios                                    5.19 kB         275 kB
Ă”Ă¶ÂŁ Ă”ĂąĂŻ /inventarios/alerts                             3.33 kB         265 kB
Ă”Ă¶ÂŁ Ă”ĂąĂŻ /inventarios/categorias                         5.15 kB         278 kB
Ă”Ă¶ÂŁ Ă”ĂąĂŻ /inventarios/movimientos                          10 kB         285 kB
Ă”Ă¶ÂŁ Ă”ĂąĂŻ /inventarios/productos                          12.4 kB         294 kB
Ă”Ă¶ÂŁ Ă”ĂąĂŻ /leads                                          19.3 kB         284 kB
Ă”Ă¶ÂŁ Ă”ĂąĂŻ /manifest.webmanifest                             589 B         105 kB
Ă”Ă¶ÂŁ Ă”ĂąĂŻ /mecanicos                                      7.58 kB         276 kB
Ă”Ă¶ÂŁ ĂŁĂ† /mecanicos/[id]                                 3.45 kB         168 kB
Ă”Ă¶ÂŁ Ă”ĂąĂŻ /mensajeria                                     4.09 kB         120 kB
Ă”Ă¶ÂŁ Ă”ĂąĂŻ /mensajeria/email                               2.39 kB         145 kB
Ă”Ă¶ÂŁ Ă”ĂąĂŻ /mensajeria/whatsapp                            2.02 kB         144 kB
Ă”Ă¶ÂŁ Ă”ĂąĂŻ /metricas                                       3.67 kB         266 kB
Ă”Ă¶ÂŁ Ă”ĂąĂŻ /metricas-rendimiento                           2.68 kB         265 kB
Ă”Ă¶ÂŁ Ă”ĂąĂŻ /notificaciones                                 3.64 kB         156 kB
Ă”Ă¶ÂŁ Ă”ĂąĂŻ /onboarding                                     1.13 kB         105 kB
Ă”Ă¶ÂŁ Ă”ĂąĂŻ /ordenes                                        11.8 kB         337 kB
Ă”Ă¶ÂŁ ĂŁĂ† /ordenes-trabajo                                14.3 kB         225 kB
Ă”Ă¶ÂŁ ĂŁĂ† /ordenes/[id]                                   6.07 kB         214 kB
Ă”Ă¶ÂŁ Ă”ĂąĂŻ /ordenes/kanban                                 15.4 kB         367 kB
Ă”Ă¶ÂŁ Ă”ĂąĂŻ /perfil                                         9.47 kB         275 kB
Ă”Ă¶ÂŁ Ă”ĂąĂŻ /productos                                      2.33 kB         264 kB
Ă”Ă¶ÂŁ Ă”ĂąĂŻ /proveedores                                    5.86 kB         234 kB
Ă”Ă¶ÂŁ Ă”ĂąĂŻ /reportes                                       15.8 kB         284 kB
Ă”Ă¶ÂŁ Ă”ĂąĂŻ /reportes/financieros                           5.88 kB         217 kB
Ă”Ă¶ÂŁ Ă”ĂąĂŻ /reportes/inventario                            5.96 kB         151 kB
Ă”Ă¶ÂŁ Ă”ĂąĂŻ /reportes/operaciones                           7.51 kB         201 kB
Ă”Ă¶ÂŁ Ă”ĂąĂŻ /reportes/ventas                                7.47 kB         201 kB
Ă”Ă¶ÂŁ Ă”ĂąĂŻ /reportes/ventas-por-items                      7.04 kB         201 kB
Ă”Ă¶ÂŁ Ă”ĂąĂŻ /service-packages                               9.65 kB         167 kB
Ă”Ă¶ÂŁ Ă”ĂąĂŻ /settings/billing                               9.16 kB         204 kB
Ă”Ă¶ÂŁ Ă”ĂąĂŻ /test-billing                                   7.76 kB         169 kB
Ă”Ă¶ÂŁ ĂŁĂ† /tracking/[id]                                  12.2 kB         133 kB
Ă”Ă¶ÂŁ Ă”ĂąĂŻ /usuarios                                        1.1 kB         105 kB
Ă”Ă¶Ă¶ Ă”ĂąĂŻ /vehiculos                                      11.2 kB         292 kB
+ First Load JS shared by all                        104 kB
  Ă”Ă¶ÂŁ chunks/4696-2a6e45e0926e6880.js                 47.7 kB
  Ă”Ă¶ÂŁ chunks/4bd1b696-182b6b13bdad92e3.js             54.2 kB
  Ă”Ă¶Ă¶ other shared chunks (total)                     2.38 kB


ĂŁĂ† Middleware                                        70.6 kB

Ă”ĂąĂŻ  (Static)   prerendered as static content
ĂŁĂ†  (Dynamic)  server-rendered on demand

